# JRE version: OpenJDK Runtime Environment (8.0_152-b01) (build 1.8.0_152-release-915-b01)
# Java VM: OpenJDK 64-Bit Server VM (25.152-b01 mixed mode linux-amd64 compressed oops)
Heap:
 PSYoungGen      total 256512K, used 0K [0x00000000e0000000, 0x00000000f3980000, 0x0000000100000000)
  eden space 211456K, 0% used [0x00000000e0000000,0x00000000e0000000,0x00000000ece80000)
  from space 45056K, 0% used [0x00000000f0600000,0x00000000f0600000,0x00000000f3200000)
  to   space 54784K, 0% used [0x00000000ece80000,0x00000000ece80000,0x00000000f0400000)
 ParOldGen       total 111104K, used 89492K [0x00000000a0000000, 0x00000000a6c80000, 0x00000000e0000000)
  object space 111104K, 80% used [0x00000000a0000000,0x00000000a5765000,0x00000000a6c80000)
 Metaspace       used 82591K, capacity 91274K, committed 92248K, reserved 1128448K
  class space    used 10395K, capacity 12414K, committed 12672K, reserved 1048576K
GC Heap History (10 events):
Event: 4380,184 GC heap after
Heap after GC invocations=81 (full 3):
 PSYoungGen      total 254976K, used 23223K [0x00000000e0000000, 0x00000000f1f80000, 0x0000000100000000)
  eden space 221696K, 0% used [0x00000000e0000000,0x00000000e0000000,0x00000000ed880000)
  from space 33280K, 69% used [0x00000000eff00000,0x00000000f15addf8,0x00000000f1f80000)
  to   space 36352K, 0% used [0x00000000ed880000,0x00000000ed880000,0x00000000efc00000)
 ParOldGen       total 110080K, used 92800K [0x00000000a0000000, 0x00000000a6b80000, 0x00000000e0000000)
  object space 110080K, 84% used [0x00000000a0000000,0x00000000a5aa0370,0x00000000a6b80000)
 Metaspace       used 82891K, capacity 91740K, committed 91864K, reserved 1128448K
  class space    used 10456K, capacity 12487K, committed 12544K, reserved 1048576K
}
Event: 4382,189 GC heap before
{Heap before GC invocations=82 (full 3):
 PSYoungGen      total 254976K, used 244919K [0x00000000e0000000, 0x00000000f1f80000, 0x0000000100000000)
  eden space 221696K, 100% used [0x00000000e0000000,0x00000000ed880000,0x00000000ed880000)
  from space 33280K, 69% used [0x00000000eff00000,0x00000000f15addf8,0x00000000f1f80000)
  to   space 36352K, 0% used [0x00000000ed880000,0x00000000ed880000,0x00000000efc00000)
 ParOldGen       total 110080K, used 92800K [0x00000000a0000000, 0x00000000a6b80000, 0x00000000e0000000)
  object space 110080K, 84% used [0x00000000a0000000,0x00000000a5aa0370,0x00000000a6b80000)
 Metaspace       used 82938K, capacity 91804K, committed 91864K, reserved 1128448K
  class space    used 10456K, capacity 12487K, committed 12544K, reserved 1048576K
Event: 4382,216 GC heap after
Heap after GC invocations=82 (full 3):
 PSYoungGen      total 258048K, used 25876K [0x00000000e0000000, 0x00000000f2c00000, 0x0000000100000000)
  eden space 221696K, 0% used [0x00000000e0000000,0x00000000e0000000,0x00000000ed880000)
  from space 36352K, 71% used [0x00000000ed880000,0x00000000ef1c50a0,0x00000000efc00000)
  to   space 36864K, 0% used [0x00000000f0800000,0x00000000f0800000,0x00000000f2c00000)
 ParOldGen       total 110080K, used 92832K [0x00000000a0000000, 0x00000000a6b80000, 0x00000000e0000000)
  object space 110080K, 84% used [0x00000000a0000000,0x00000000a5aa8370,0x00000000a6b80000)
 Metaspace       used 82938K, capacity 91804K, committed 91864K, reserved 1128448K
  class space    used 10456K, capacity 12487K, committed 12544K, reserved 1048576K
}
Event: 4417,279 GC heap before
{Heap before GC invocations=83 (full 3):
 PSYoungGen      total 258048K, used 247572K [0x00000000e0000000, 0x00000000f2c00000, 0x0000000100000000)
  eden space 221696K, 100% used [0x00000000e0000000,0x00000000ed880000,0x00000000ed880000)
  from space 36352K, 71% used [0x00000000ed880000,0x00000000ef1c50a0,0x00000000efc00000)
  to   space 36864K, 0% used [0x00000000f0800000,0x00000000f0800000,0x00000000f2c00000)
 ParOldGen       total 110080K, used 92832K [0x00000000a0000000, 0x00000000a6b80000, 0x00000000e0000000)
  object space 110080K, 84% used [0x00000000a0000000,0x00000000a5aa8370,0x00000000a6b80000)
 Metaspace       used 83015K, capacity 91928K, committed 92120K, reserved 1128448K
  class space    used 10467K, capacity 12527K, committed 12544K, reserved 1048576K
Event: 4417,360 GC heap after
Heap after GC invocations=83 (full 3):
 PSYoungGen      total 249856K, used 36832K [0x00000000e0000000, 0x00000000f2c00000, 0x0000000100000000)
  eden space 212992K, 0% used [0x00000000e0000000,0x00000000e0000000,0x00000000ed000000)
  from space 36864K, 99% used [0x00000000f0800000,0x00000000f2bf80b0,0x00000000f2c00000)
  to   space 43520K, 0% used [0x00000000ed700000,0x00000000ed700000,0x00000000f0180000)
 ParOldGen       total 110080K, used 99483K [0x00000000a0000000, 0x00000000a6b80000, 0x00000000e0000000)
  object space 110080K, 90% used [0x00000000a0000000,0x00000000a6126f68,0x00000000a6b80000)
 Metaspace       used 83015K, capacity 91928K, committed 92120K, reserved 1128448K
  class space    used 10467K, capacity 12527K, committed 12544K, reserved 1048576K
}
Event: 4420,513 GC heap before
{Heap before GC invocations=84 (full 3):
 PSYoungGen      total 249856K, used 249824K [0x00000000e0000000, 0x00000000f2c00000, 0x0000000100000000)
  eden space 212992K, 100% used [0x00000000e0000000,0x00000000ed000000,0x00000000ed000000)
  from space 36864K, 99% used [0x00000000f0800000,0x00000000f2bf80b0,0x00000000f2c00000)
  to   space 43520K, 0% used [0x00000000ed700000,0x00000000ed700000,0x00000000f0180000)
 ParOldGen       total 110080K, used 99483K [0x00000000a0000000, 0x00000000a6b80000, 0x00000000e0000000)
  object space 110080K, 90% used [0x00000000a0000000,0x00000000a6126f68,0x00000000a6b80000)
 Metaspace       used 83029K, capacity 91992K, committed 92120K, reserved 1128448K
  class space    used 10467K, capacity 12527K, committed 12544K, reserved 1048576K
Event: 4420,553 GC heap after
Heap after GC invocations=84 (full 3):
 PSYoungGen      total 263680K, used 34009K [0x00000000e0000000, 0x00000000f3200000, 0x0000000100000000)
  eden space 220160K, 0% used [0x00000000e0000000,0x00000000e0000000,0x00000000ed700000)
  from space 43520K, 78% used [0x00000000ed700000,0x00000000ef8367f0,0x00000000f0180000)
  to   space 45056K, 0% used [0x00000000f0600000,0x00000000f0600000,0x00000000f3200000)
 ParOldGen       total 110080K, used 99707K [0x00000000a0000000, 0x00000000a6b80000, 0x00000000e0000000)
  object space 110080K, 90% used [0x00000000a0000000,0x00000000a615ef88,0x00000000a6b80000)
 Metaspace       used 83029K, capacity 91992K, committed 92120K, reserved 1128448K
  class space    used 10467K, capacity 12527K, committed 12544K, reserved 1048576K
}
Event: 4548,503 GC heap before
{Heap before GC invocations=85 (full 3):
 PSYoungGen      total 263680K, used 254169K [0x00000000e0000000, 0x00000000f3200000, 0x0000000100000000)
  eden space 220160K, 100% used [0x00000000e0000000,0x00000000ed700000,0x00000000ed700000)
  from space 43520K, 78% used [0x00000000ed700000,0x00000000ef8367f0,0x00000000f0180000)
  to   space 45056K, 0% used [0x00000000f0600000,0x00000000f0600000,0x00000000f3200000)
 ParOldGen       total 110080K, used 99707K [0x00000000a0000000, 0x00000000a6b80000, 0x00000000e0000000)
  object space 110080K, 90% used [0x00000000a0000000,0x00000000a615ef88,0x00000000a6b80000)
 Metaspace       used 83094K, capacity 92112K, committed 92248K, reserved 1128448K
  class space    used 10478K, capacity 12567K, committed 12672K, reserved 1048576K
Event: 4548,635 GC heap after
Heap after GC invocations=85 (full 3):
 PSYoungGen      total 256512K, used 45024K [0x00000000e0000000, 0x00000000f3980000, 0x0000000100000000)
  eden space 211456K, 0% used [0x00000000e0000000,0x00000000e0000000,0x00000000ece80000)
  from space 45056K, 99% used [0x00000000f0600000,0x00000000f31f80a0,0x00000000f3200000)
  to   space 54784K, 0% used [0x00000000ece80000,0x00000000ece80000,0x00000000f0400000)
 ParOldGen       total 111104K, used 110818K [0x00000000a0000000, 0x00000000a6c80000, 0x00000000e0000000)
  object space 111104K, 99% used [0x00000000a0000000,0x00000000a6c388f8,0x00000000a6c80000)
 Metaspace       used 83094K, capacity 92112K, committed 92248K, reserved 1128448K
  class space    used 10478K, capacity 12567K, committed 12672K, reserved 1048576K
}
Event: 4548,642 GC heap before
{Heap before GC invocations=86 (full 4):
 PSYoungGen      total 256512K, used 45024K [0x00000000e0000000, 0x00000000f3980000, 0x0000000100000000)
  eden space 211456K, 0% used [0x00000000e0000000,0x00000000e0000000,0x00000000ece80000)
  from space 45056K, 99% used [0x00000000f0600000,0x00000000f31f80a0,0x00000000f3200000)
  to   space 54784K, 0% used [0x00000000ece80000,0x00000000ece80000,0x00000000f0400000)
 ParOldGen       total 111104K, used 110818K [0x00000000a0000000, 0x00000000a6c80000, 0x00000000e0000000)
  object space 111104K, 99% used [0x00000000a0000000,0x00000000a6c388f8,0x00000000a6c80000)
 Metaspace       used 83094K, capacity 92112K, committed 92248K, reserved 1128448K
  class space    used 10478K, capacity 12567K, committed 12672K, reserved 1048576K

